ðŸš€ Starting Spark Streaming Job with Cassandra sink...

ðŸ“¦ Activating virtual environment...
âœ… Services Ä‘ang cháº¡y

ðŸ“ Cháº¡y Spark job vá»›i SINK_MODE=cassandra...

:: loading settings :: url = jar:file:/home/azureuser/air-quality-streaming-labs/.venv/lib/python3.13/site-packages/pyspark/jars/ivy-2.5.1.jar!/org/apache/ivy/core/settings/ivysettings.xml
Ivy Default Cache set to: /home/azureuser/.ivy2/cache
The jars for the packages stored in: /home/azureuser/.ivy2/jars
org.apache.spark#spark-sql-kafka-0-10_2.12 added as a dependency
com.datastax.spark#spark-cassandra-connector_2.12 added as a dependency
:: resolving dependencies :: org.apache.spark#spark-submit-parent-13a5108e-e24c-44cb-a76e-cb391e134e93;1.0
	confs: [default]
	found org.apache.spark#spark-sql-kafka-0-10_2.12;3.5.0 in central
	found org.apache.spark#spark-token-provider-kafka-0-10_2.12;3.5.0 in central
	found org.apache.kafka#kafka-clients;3.4.1 in central
	found org.lz4#lz4-java;1.8.0 in central
	found org.xerial.snappy#snappy-java;1.1.10.3 in central
	found org.slf4j#slf4j-api;2.0.7 in central
	found org.apache.hadoop#hadoop-client-runtime;3.3.4 in central
	found org.apache.hadoop#hadoop-client-api;3.3.4 in central
	found commons-logging#commons-logging;1.1.3 in central
	found com.google.code.findbugs#jsr305;3.0.0 in central
	found org.apache.commons#commons-pool2;2.11.1 in central
	found com.datastax.spark#spark-cassandra-connector_2.12;3.2.0 in central
	found com.datastax.spark#spark-cassandra-connector-driver_2.12;3.2.0 in central
	found com.datastax.oss#java-driver-core-shaded;4.13.0 in central
	found com.datastax.oss#native-protocol;1.5.0 in central
	found com.datastax.oss#java-driver-shaded-guava;25.1-jre-graal-sub-1 in central
	found com.typesafe#config;1.4.1 in central
	found io.dropwizard.metrics#metrics-core;4.1.18 in central
	found org.hdrhistogram#HdrHistogram;2.1.12 in central
	found org.reactivestreams#reactive-streams;1.0.3 in central
	found com.github.stephenc.jcip#jcip-annotations;1.0-1 in central
	found com.github.spotbugs#spotbugs-annotations;3.1.12 in central
	found com.google.code.findbugs#jsr305;3.0.2 in central
	found com.datastax.oss#java-driver-mapper-runtime;4.13.0 in central
	found com.datastax.oss#java-driver-query-builder;4.13.0 in central
	found org.apache.commons#commons-lang3;3.10 in central
	found com.thoughtworks.paranamer#paranamer;2.8 in central
	found org.scala-lang#scala-reflect;2.12.11 in central
:: resolution report :: resolve 662ms :: artifacts dl 31ms
	:: modules in use:
	com.datastax.oss#java-driver-core-shaded;4.13.0 from central in [default]
	com.datastax.oss#java-driver-mapper-runtime;4.13.0 from central in [default]
	com.datastax.oss#java-driver-query-builder;4.13.0 from central in [default]
	com.datastax.oss#java-driver-shaded-guava;25.1-jre-graal-sub-1 from central in [default]
	com.datastax.oss#native-protocol;1.5.0 from central in [default]
	com.datastax.spark#spark-cassandra-connector-driver_2.12;3.2.0 from central in [default]
	com.datastax.spark#spark-cassandra-connector_2.12;3.2.0 from central in [default]
	com.github.spotbugs#spotbugs-annotations;3.1.12 from central in [default]
	com.github.stephenc.jcip#jcip-annotations;1.0-1 from central in [default]
	com.google.code.findbugs#jsr305;3.0.2 from central in [default]
	com.thoughtworks.paranamer#paranamer;2.8 from central in [default]
	com.typesafe#config;1.4.1 from central in [default]
	commons-logging#commons-logging;1.1.3 from central in [default]
	io.dropwizard.metrics#metrics-core;4.1.18 from central in [default]
	org.apache.commons#commons-lang3;3.10 from central in [default]
	org.apache.commons#commons-pool2;2.11.1 from central in [default]
	org.apache.hadoop#hadoop-client-api;3.3.4 from central in [default]
	org.apache.hadoop#hadoop-client-runtime;3.3.4 from central in [default]
	org.apache.kafka#kafka-clients;3.4.1 from central in [default]
	org.apache.spark#spark-sql-kafka-0-10_2.12;3.5.0 from central in [default]
	org.apache.spark#spark-token-provider-kafka-0-10_2.12;3.5.0 from central in [default]
	org.hdrhistogram#HdrHistogram;2.1.12 from central in [default]
	org.lz4#lz4-java;1.8.0 from central in [default]
	org.reactivestreams#reactive-streams;1.0.3 from central in [default]
	org.scala-lang#scala-reflect;2.12.11 from central in [default]
	org.slf4j#slf4j-api;2.0.7 from central in [default]
	org.xerial.snappy#snappy-java;1.1.10.3 from central in [default]
	:: evicted modules:
	com.google.code.findbugs#jsr305;3.0.0 by [com.google.code.findbugs#jsr305;3.0.2] in [default]
	org.slf4j#slf4j-api;1.7.26 by [org.slf4j#slf4j-api;2.0.7] in [default]
	---------------------------------------------------------------------
	|                  |            modules            ||   artifacts   |
	|       conf       | number| search|dwnlded|evicted|| number|dwnlded|
	---------------------------------------------------------------------
	|      default     |   29  |   0   |   0   |   2   ||   27  |   0   |
	---------------------------------------------------------------------
:: retrieving :: org.apache.spark#spark-submit-parent-13a5108e-e24c-44cb-a76e-cb391e134e93
	confs: [default]
	0 artifacts copied, 27 already retrieved (0kB/41ms)
25/12/29 17:05:48 WARN NativeCodeLoader: Unable to load native-hadoop library for your platform... using builtin-java classes where applicable
25/12/29 17:05:49 INFO SparkContext: Running Spark version 3.5.3
25/12/29 17:05:49 INFO SparkContext: OS info Linux, 6.14.0-1017-azure, amd64
25/12/29 17:05:49 INFO SparkContext: Java version 21.0.9
25/12/29 17:05:49 INFO ResourceUtils: ==============================================================
25/12/29 17:05:49 INFO ResourceUtils: No custom resources configured for spark.driver.
25/12/29 17:05:49 INFO ResourceUtils: ==============================================================
25/12/29 17:05:49 INFO SparkContext: Submitted application: AirQuality_SparkStreaming
25/12/29 17:05:49 INFO ResourceProfile: Default ResourceProfile created, executor resources: Map(cores -> name: cores, amount: 1, script: , vendor: , memory -> name: memory, amount: 1024, script: , vendor: , offHeap -> name: offHeap, amount: 0, script: , vendor: ), task resources: Map(cpus -> name: cpus, amount: 1.0)
25/12/29 17:05:49 INFO ResourceProfile: Limiting resource is cpu
25/12/29 17:05:49 INFO ResourceProfileManager: Added ResourceProfile id: 0
25/12/29 17:05:49 INFO SecurityManager: Changing view acls to: azureuser
25/12/29 17:05:49 INFO SecurityManager: Changing modify acls to: azureuser
25/12/29 17:05:49 INFO SecurityManager: Changing view acls groups to: 
25/12/29 17:05:49 INFO SecurityManager: Changing modify acls groups to: 
25/12/29 17:05:49 INFO SecurityManager: SecurityManager: authentication disabled; ui acls disabled; users with view permissions: azureuser; groups with view permissions: EMPTY; users with modify permissions: azureuser; groups with modify permissions: EMPTY
25/12/29 17:05:49 INFO Utils: Successfully started service 'sparkDriver' on port 33885.
25/12/29 17:05:49 INFO SparkEnv: Registering MapOutputTracker
25/12/29 17:05:49 INFO SparkEnv: Registering BlockManagerMaster
25/12/29 17:05:49 INFO BlockManagerMasterEndpoint: Using org.apache.spark.storage.DefaultTopologyMapper for getting topology information
25/12/29 17:05:49 INFO BlockManagerMasterEndpoint: BlockManagerMasterEndpoint up
25/12/29 17:05:49 INFO SparkEnv: Registering BlockManagerMasterHeartbeat
25/12/29 17:05:49 INFO DiskBlockManager: Created local directory at /tmp/blockmgr-6c8bbd12-f042-4315-aa9e-c0ff43132e10
25/12/29 17:05:49 INFO MemoryStore: MemoryStore started with capacity 434.4 MiB
25/12/29 17:05:49 INFO SparkEnv: Registering OutputCommitCoordinator
25/12/29 17:05:50 INFO JettyUtils: Start Jetty 0.0.0.0:4040 for SparkUI
25/12/29 17:05:50 WARN Utils: Service 'SparkUI' could not bind on port 4040. Attempting port 4041.
25/12/29 17:05:50 INFO Utils: Successfully started service 'SparkUI' on port 4041.
25/12/29 17:05:50 INFO SparkContext: Added JAR file:///home/azureuser/.ivy2/jars/org.apache.spark_spark-sql-kafka-0-10_2.12-3.5.0.jar at spark://air-quality-streaming-labs.internal.cloudapp.net:33885/jars/org.apache.spark_spark-sql-kafka-0-10_2.12-3.5.0.jar with timestamp 1767027949584
25/12/29 17:05:50 INFO SparkContext: Added JAR file:///home/azureuser/.ivy2/jars/com.datastax.spark_spark-cassandra-connector_2.12-3.2.0.jar at spark://air-quality-streaming-labs.internal.cloudapp.net:33885/jars/com.datastax.spark_spark-cassandra-connector_2.12-3.2.0.jar with timestamp 1767027949584
25/12/29 17:05:50 INFO SparkContext: Added JAR file:///home/azureuser/.ivy2/jars/org.apache.spark_spark-token-provider-kafka-0-10_2.12-3.5.0.jar at spark://air-quality-streaming-labs.internal.cloudapp.net:33885/jars/org.apache.spark_spark-token-provider-kafka-0-10_2.12-3.5.0.jar with timestamp 1767027949584
25/12/29 17:05:50 INFO SparkContext: Added JAR file:///home/azureuser/.ivy2/jars/org.apache.kafka_kafka-clients-3.4.1.jar at spark://air-quality-streaming-labs.internal.cloudapp.net:33885/jars/org.apache.kafka_kafka-clients-3.4.1.jar with timestamp 1767027949584
25/12/29 17:05:50 INFO SparkContext: Added JAR file:///home/azureuser/.ivy2/jars/org.apache.commons_commons-pool2-2.11.1.jar at spark://air-quality-streaming-labs.internal.cloudapp.net:33885/jars/org.apache.commons_commons-pool2-2.11.1.jar with timestamp 1767027949584
25/12/29 17:05:50 INFO SparkContext: Added JAR file:///home/azureuser/.ivy2/jars/org.apache.hadoop_hadoop-client-runtime-3.3.4.jar at spark://air-quality-streaming-labs.internal.cloudapp.net:33885/jars/org.apache.hadoop_hadoop-client-runtime-3.3.4.jar with timestamp 1767027949584
25/12/29 17:05:50 INFO SparkContext: Added JAR file:///home/azureuser/.ivy2/jars/org.lz4_lz4-java-1.8.0.jar at spark://air-quality-streaming-labs.internal.cloudapp.net:33885/jars/org.lz4_lz4-java-1.8.0.jar with timestamp 1767027949584
25/12/29 17:05:50 INFO SparkContext: Added JAR file:///home/azureuser/.ivy2/jars/org.xerial.snappy_snappy-java-1.1.10.3.jar at spark://air-quality-streaming-labs.internal.cloudapp.net:33885/jars/org.xerial.snappy_snappy-java-1.1.10.3.jar with timestamp 1767027949584
25/12/29 17:05:50 INFO SparkContext: Added JAR file:///home/azureuser/.ivy2/jars/org.slf4j_slf4j-api-2.0.7.jar at spark://air-quality-streaming-labs.internal.cloudapp.net:33885/jars/org.slf4j_slf4j-api-2.0.7.jar with timestamp 1767027949584
25/12/29 17:05:50 INFO SparkContext: Added JAR file:///home/azureuser/.ivy2/jars/org.apache.hadoop_hadoop-client-api-3.3.4.jar at spark://air-quality-streaming-labs.internal.cloudapp.net:33885/jars/org.apache.hadoop_hadoop-client-api-3.3.4.jar with timestamp 1767027949584
25/12/29 17:05:50 INFO SparkContext: Added JAR file:///home/azureuser/.ivy2/jars/commons-logging_commons-logging-1.1.3.jar at spark://air-quality-streaming-labs.internal.cloudapp.net:33885/jars/commons-logging_commons-logging-1.1.3.jar with timestamp 1767027949584
25/12/29 17:05:50 INFO SparkContext: Added JAR file:///home/azureuser/.ivy2/jars/com.datastax.spark_spark-cassandra-connector-driver_2.12-3.2.0.jar at spark://air-quality-streaming-labs.internal.cloudapp.net:33885/jars/com.datastax.spark_spark-cassandra-connector-driver_2.12-3.2.0.jar with timestamp 1767027949584
25/12/29 17:05:50 INFO SparkContext: Added JAR file:///home/azureuser/.ivy2/jars/com.datastax.oss_java-driver-core-shaded-4.13.0.jar at spark://air-quality-streaming-labs.internal.cloudapp.net:33885/jars/com.datastax.oss_java-driver-core-shaded-4.13.0.jar with timestamp 1767027949584
25/12/29 17:05:50 INFO SparkContext: Added JAR file:///home/azureuser/.ivy2/jars/com.datastax.oss_java-driver-mapper-runtime-4.13.0.jar at spark://air-quality-streaming-labs.internal.cloudapp.net:33885/jars/com.datastax.oss_java-driver-mapper-runtime-4.13.0.jar with timestamp 1767027949584
25/12/29 17:05:50 INFO SparkContext: Added JAR file:///home/azureuser/.ivy2/jars/org.apache.commons_commons-lang3-3.10.jar at spark://air-quality-streaming-labs.internal.cloudapp.net:33885/jars/org.apache.commons_commons-lang3-3.10.jar with timestamp 1767027949584
25/12/29 17:05:50 INFO SparkContext: Added JAR file:///home/azureuser/.ivy2/jars/com.thoughtworks.paranamer_paranamer-2.8.jar at spark://air-quality-streaming-labs.internal.cloudapp.net:33885/jars/com.thoughtworks.paranamer_paranamer-2.8.jar with timestamp 1767027949584
25/12/29 17:05:50 INFO SparkContext: Added JAR file:///home/azureuser/.ivy2/jars/org.scala-lang_scala-reflect-2.12.11.jar at spark://air-quality-streaming-labs.internal.cloudapp.net:33885/jars/org.scala-lang_scala-reflect-2.12.11.jar with timestamp 1767027949584
25/12/29 17:05:50 INFO SparkContext: Added JAR file:///home/azureuser/.ivy2/jars/com.datastax.oss_native-protocol-1.5.0.jar at spark://air-quality-streaming-labs.internal.cloudapp.net:33885/jars/com.datastax.oss_native-protocol-1.5.0.jar with timestamp 1767027949584
25/12/29 17:05:50 INFO SparkContext: Added JAR file:///home/azureuser/.ivy2/jars/com.datastax.oss_java-driver-shaded-guava-25.1-jre-graal-sub-1.jar at spark://air-quality-streaming-labs.internal.cloudapp.net:33885/jars/com.datastax.oss_java-driver-shaded-guava-25.1-jre-graal-sub-1.jar with timestamp 1767027949584
25/12/29 17:05:50 INFO SparkContext: Added JAR file:///home/azureuser/.ivy2/jars/com.typesafe_config-1.4.1.jar at spark://air-quality-streaming-labs.internal.cloudapp.net:33885/jars/com.typesafe_config-1.4.1.jar with timestamp 1767027949584
25/12/29 17:05:50 INFO SparkContext: Added JAR file:///home/azureuser/.ivy2/jars/io.dropwizard.metrics_metrics-core-4.1.18.jar at spark://air-quality-streaming-labs.internal.cloudapp.net:33885/jars/io.dropwizard.metrics_metrics-core-4.1.18.jar with timestamp 1767027949584
25/12/29 17:05:50 INFO SparkContext: Added JAR file:///home/azureuser/.ivy2/jars/org.hdrhistogram_HdrHistogram-2.1.12.jar at spark://air-quality-streaming-labs.internal.cloudapp.net:33885/jars/org.hdrhistogram_HdrHistogram-2.1.12.jar with timestamp 1767027949584
25/12/29 17:05:50 INFO SparkContext: Added JAR file:///home/azureuser/.ivy2/jars/org.reactivestreams_reactive-streams-1.0.3.jar at spark://air-quality-streaming-labs.internal.cloudapp.net:33885/jars/org.reactivestreams_reactive-streams-1.0.3.jar with timestamp 1767027949584
25/12/29 17:05:50 INFO SparkContext: Added JAR file:///home/azureuser/.ivy2/jars/com.github.stephenc.jcip_jcip-annotations-1.0-1.jar at spark://air-quality-streaming-labs.internal.cloudapp.net:33885/jars/com.github.stephenc.jcip_jcip-annotations-1.0-1.jar with timestamp 1767027949584
25/12/29 17:05:50 INFO SparkContext: Added JAR file:///home/azureuser/.ivy2/jars/com.github.spotbugs_spotbugs-annotations-3.1.12.jar at spark://air-quality-streaming-labs.internal.cloudapp.net:33885/jars/com.github.spotbugs_spotbugs-annotations-3.1.12.jar with timestamp 1767027949584
25/12/29 17:05:50 INFO SparkContext: Added JAR file:///home/azureuser/.ivy2/jars/com.google.code.findbugs_jsr305-3.0.2.jar at spark://air-quality-streaming-labs.internal.cloudapp.net:33885/jars/com.google.code.findbugs_jsr305-3.0.2.jar with timestamp 1767027949584
25/12/29 17:05:50 INFO SparkContext: Added JAR file:///home/azureuser/.ivy2/jars/com.datastax.oss_java-driver-query-builder-4.13.0.jar at spark://air-quality-streaming-labs.internal.cloudapp.net:33885/jars/com.datastax.oss_java-driver-query-builder-4.13.0.jar with timestamp 1767027949584
25/12/29 17:05:50 INFO SparkContext: Added file file:///home/azureuser/.ivy2/jars/org.apache.spark_spark-sql-kafka-0-10_2.12-3.5.0.jar at file:///home/azureuser/.ivy2/jars/org.apache.spark_spark-sql-kafka-0-10_2.12-3.5.0.jar with timestamp 1767027949584
25/12/29 17:05:50 INFO Utils: Copying /home/azureuser/.ivy2/jars/org.apache.spark_spark-sql-kafka-0-10_2.12-3.5.0.jar to /tmp/spark-add4618b-3ed7-4306-9a3e-dc11cd14db31/userFiles-f11007dd-6cb2-4eba-af1e-c301e3e82928/org.apache.spark_spark-sql-kafka-0-10_2.12-3.5.0.jar
25/12/29 17:05:50 INFO SparkContext: Added file file:///home/azureuser/.ivy2/jars/com.datastax.spark_spark-cassandra-connector_2.12-3.2.0.jar at file:///home/azureuser/.ivy2/jars/com.datastax.spark_spark-cassandra-connector_2.12-3.2.0.jar with timestamp 1767027949584
25/12/29 17:05:50 INFO Utils: Copying /home/azureuser/.ivy2/jars/com.datastax.spark_spark-cassandra-connector_2.12-3.2.0.jar to /tmp/spark-add4618b-3ed7-4306-9a3e-dc11cd14db31/userFiles-f11007dd-6cb2-4eba-af1e-c301e3e82928/com.datastax.spark_spark-cassandra-connector_2.12-3.2.0.jar
25/12/29 17:05:50 INFO SparkContext: Added file file:///home/azureuser/.ivy2/jars/org.apache.spark_spark-token-provider-kafka-0-10_2.12-3.5.0.jar at file:///home/azureuser/.ivy2/jars/org.apache.spark_spark-token-provider-kafka-0-10_2.12-3.5.0.jar with timestamp 1767027949584
25/12/29 17:05:50 INFO Utils: Copying /home/azureuser/.ivy2/jars/org.apache.spark_spark-token-provider-kafka-0-10_2.12-3.5.0.jar to /tmp/spark-add4618b-3ed7-4306-9a3e-dc11cd14db31/userFiles-f11007dd-6cb2-4eba-af1e-c301e3e82928/org.apache.spark_spark-token-provider-kafka-0-10_2.12-3.5.0.jar
25/12/29 17:05:50 INFO SparkContext: Added file file:///home/azureuser/.ivy2/jars/org.apache.kafka_kafka-clients-3.4.1.jar at file:///home/azureuser/.ivy2/jars/org.apache.kafka_kafka-clients-3.4.1.jar with timestamp 1767027949584
25/12/29 17:05:50 INFO Utils: Copying /home/azureuser/.ivy2/jars/org.apache.kafka_kafka-clients-3.4.1.jar to /tmp/spark-add4618b-3ed7-4306-9a3e-dc11cd14db31/userFiles-f11007dd-6cb2-4eba-af1e-c301e3e82928/org.apache.kafka_kafka-clients-3.4.1.jar
25/12/29 17:05:50 INFO SparkContext: Added file file:///home/azureuser/.ivy2/jars/org.apache.commons_commons-pool2-2.11.1.jar at file:///home/azureuser/.ivy2/jars/org.apache.commons_commons-pool2-2.11.1.jar with timestamp 1767027949584
25/12/29 17:05:50 INFO Utils: Copying /home/azureuser/.ivy2/jars/org.apache.commons_commons-pool2-2.11.1.jar to /tmp/spark-add4618b-3ed7-4306-9a3e-dc11cd14db31/userFiles-f11007dd-6cb2-4eba-af1e-c301e3e82928/org.apache.commons_commons-pool2-2.11.1.jar
25/12/29 17:05:50 INFO SparkContext: Added file file:///home/azureuser/.ivy2/jars/org.apache.hadoop_hadoop-client-runtime-3.3.4.jar at file:///home/azureuser/.ivy2/jars/org.apache.hadoop_hadoop-client-runtime-3.3.4.jar with timestamp 1767027949584
25/12/29 17:05:50 INFO Utils: Copying /home/azureuser/.ivy2/jars/org.apache.hadoop_hadoop-client-runtime-3.3.4.jar to /tmp/spark-add4618b-3ed7-4306-9a3e-dc11cd14db31/userFiles-f11007dd-6cb2-4eba-af1e-c301e3e82928/org.apache.hadoop_hadoop-client-runtime-3.3.4.jar
25/12/29 17:05:50 INFO SparkContext: Added file file:///home/azureuser/.ivy2/jars/org.lz4_lz4-java-1.8.0.jar at file:///home/azureuser/.ivy2/jars/org.lz4_lz4-java-1.8.0.jar with timestamp 1767027949584
25/12/29 17:05:50 INFO Utils: Copying /home/azureuser/.ivy2/jars/org.lz4_lz4-java-1.8.0.jar to /tmp/spark-add4618b-3ed7-4306-9a3e-dc11cd14db31/userFiles-f11007dd-6cb2-4eba-af1e-c301e3e82928/org.lz4_lz4-java-1.8.0.jar
25/12/29 17:05:50 INFO SparkContext: Added file file:///home/azureuser/.ivy2/jars/org.xerial.snappy_snappy-java-1.1.10.3.jar at file:///home/azureuser/.ivy2/jars/org.xerial.snappy_snappy-java-1.1.10.3.jar with timestamp 1767027949584
25/12/29 17:05:50 INFO Utils: Copying /home/azureuser/.ivy2/jars/org.xerial.snappy_snappy-java-1.1.10.3.jar to /tmp/spark-add4618b-3ed7-4306-9a3e-dc11cd14db31/userFiles-f11007dd-6cb2-4eba-af1e-c301e3e82928/org.xerial.snappy_snappy-java-1.1.10.3.jar
25/12/29 17:05:50 INFO SparkContext: Added file file:///home/azureuser/.ivy2/jars/org.slf4j_slf4j-api-2.0.7.jar at file:///home/azureuser/.ivy2/jars/org.slf4j_slf4j-api-2.0.7.jar with timestamp 1767027949584
25/12/29 17:05:50 INFO Utils: Copying /home/azureuser/.ivy2/jars/org.slf4j_slf4j-api-2.0.7.jar to /tmp/spark-add4618b-3ed7-4306-9a3e-dc11cd14db31/userFiles-f11007dd-6cb2-4eba-af1e-c301e3e82928/org.slf4j_slf4j-api-2.0.7.jar
25/12/29 17:05:50 INFO SparkContext: Added file file:///home/azureuser/.ivy2/jars/org.apache.hadoop_hadoop-client-api-3.3.4.jar at file:///home/azureuser/.ivy2/jars/org.apache.hadoop_hadoop-client-api-3.3.4.jar with timestamp 1767027949584
25/12/29 17:05:50 INFO Utils: Copying /home/azureuser/.ivy2/jars/org.apache.hadoop_hadoop-client-api-3.3.4.jar to /tmp/spark-add4618b-3ed7-4306-9a3e-dc11cd14db31/userFiles-f11007dd-6cb2-4eba-af1e-c301e3e82928/org.apache.hadoop_hadoop-client-api-3.3.4.jar
25/12/29 17:05:50 INFO SparkContext: Added file file:///home/azureuser/.ivy2/jars/commons-logging_commons-logging-1.1.3.jar at file:///home/azureuser/.ivy2/jars/commons-logging_commons-logging-1.1.3.jar with timestamp 1767027949584
25/12/29 17:05:50 INFO Utils: Copying /home/azureuser/.ivy2/jars/commons-logging_commons-logging-1.1.3.jar to /tmp/spark-add4618b-3ed7-4306-9a3e-dc11cd14db31/userFiles-f11007dd-6cb2-4eba-af1e-c301e3e82928/commons-logging_commons-logging-1.1.3.jar
25/12/29 17:05:50 INFO SparkContext: Added file file:///home/azureuser/.ivy2/jars/com.datastax.spark_spark-cassandra-connector-driver_2.12-3.2.0.jar at file:///home/azureuser/.ivy2/jars/com.datastax.spark_spark-cassandra-connector-driver_2.12-3.2.0.jar with timestamp 1767027949584
25/12/29 17:05:50 INFO Utils: Copying /home/azureuser/.ivy2/jars/com.datastax.spark_spark-cassandra-connector-driver_2.12-3.2.0.jar to /tmp/spark-add4618b-3ed7-4306-9a3e-dc11cd14db31/userFiles-f11007dd-6cb2-4eba-af1e-c301e3e82928/com.datastax.spark_spark-cassandra-connector-driver_2.12-3.2.0.jar
25/12/29 17:05:50 INFO SparkContext: Added file file:///home/azureuser/.ivy2/jars/com.datastax.oss_java-driver-core-shaded-4.13.0.jar at file:///home/azureuser/.ivy2/jars/com.datastax.oss_java-driver-core-shaded-4.13.0.jar with timestamp 1767027949584
25/12/29 17:05:50 INFO Utils: Copying /home/azureuser/.ivy2/jars/com.datastax.oss_java-driver-core-shaded-4.13.0.jar to /tmp/spark-add4618b-3ed7-4306-9a3e-dc11cd14db31/userFiles-f11007dd-6cb2-4eba-af1e-c301e3e82928/com.datastax.oss_java-driver-core-shaded-4.13.0.jar
25/12/29 17:05:50 INFO SparkContext: Added file file:///home/azureuser/.ivy2/jars/com.datastax.oss_java-driver-mapper-runtime-4.13.0.jar at file:///home/azureuser/.ivy2/jars/com.datastax.oss_java-driver-mapper-runtime-4.13.0.jar with timestamp 1767027949584
25/12/29 17:05:50 INFO Utils: Copying /home/azureuser/.ivy2/jars/com.datastax.oss_java-driver-mapper-runtime-4.13.0.jar to /tmp/spark-add4618b-3ed7-4306-9a3e-dc11cd14db31/userFiles-f11007dd-6cb2-4eba-af1e-c301e3e82928/com.datastax.oss_java-driver-mapper-runtime-4.13.0.jar
25/12/29 17:05:50 INFO SparkContext: Added file file:///home/azureuser/.ivy2/jars/org.apache.commons_commons-lang3-3.10.jar at file:///home/azureuser/.ivy2/jars/org.apache.commons_commons-lang3-3.10.jar with timestamp 1767027949584
25/12/29 17:05:50 INFO Utils: Copying /home/azureuser/.ivy2/jars/org.apache.commons_commons-lang3-3.10.jar to /tmp/spark-add4618b-3ed7-4306-9a3e-dc11cd14db31/userFiles-f11007dd-6cb2-4eba-af1e-c301e3e82928/org.apache.commons_commons-lang3-3.10.jar
25/12/29 17:05:50 INFO SparkContext: Added file file:///home/azureuser/.ivy2/jars/com.thoughtworks.paranamer_paranamer-2.8.jar at file:///home/azureuser/.ivy2/jars/com.thoughtworks.paranamer_paranamer-2.8.jar with timestamp 1767027949584
25/12/29 17:05:50 INFO Utils: Copying /home/azureuser/.ivy2/jars/com.thoughtworks.paranamer_paranamer-2.8.jar to /tmp/spark-add4618b-3ed7-4306-9a3e-dc11cd14db31/userFiles-f11007dd-6cb2-4eba-af1e-c301e3e82928/com.thoughtworks.paranamer_paranamer-2.8.jar
25/12/29 17:05:50 INFO SparkContext: Added file file:///home/azureuser/.ivy2/jars/org.scala-lang_scala-reflect-2.12.11.jar at file:///home/azureuser/.ivy2/jars/org.scala-lang_scala-reflect-2.12.11.jar with timestamp 1767027949584
25/12/29 17:05:50 INFO Utils: Copying /home/azureuser/.ivy2/jars/org.scala-lang_scala-reflect-2.12.11.jar to /tmp/spark-add4618b-3ed7-4306-9a3e-dc11cd14db31/userFiles-f11007dd-6cb2-4eba-af1e-c301e3e82928/org.scala-lang_scala-reflect-2.12.11.jar
25/12/29 17:05:50 INFO SparkContext: Added file file:///home/azureuser/.ivy2/jars/com.datastax.oss_native-protocol-1.5.0.jar at file:///home/azureuser/.ivy2/jars/com.datastax.oss_native-protocol-1.5.0.jar with timestamp 1767027949584
25/12/29 17:05:50 INFO Utils: Copying /home/azureuser/.ivy2/jars/com.datastax.oss_native-protocol-1.5.0.jar to /tmp/spark-add4618b-3ed7-4306-9a3e-dc11cd14db31/userFiles-f11007dd-6cb2-4eba-af1e-c301e3e82928/com.datastax.oss_native-protocol-1.5.0.jar
25/12/29 17:05:50 INFO SparkContext: Added file file:///home/azureuser/.ivy2/jars/com.datastax.oss_java-driver-shaded-guava-25.1-jre-graal-sub-1.jar at file:///home/azureuser/.ivy2/jars/com.datastax.oss_java-driver-shaded-guava-25.1-jre-graal-sub-1.jar with timestamp 1767027949584
25/12/29 17:05:50 INFO Utils: Copying /home/azureuser/.ivy2/jars/com.datastax.oss_java-driver-shaded-guava-25.1-jre-graal-sub-1.jar to /tmp/spark-add4618b-3ed7-4306-9a3e-dc11cd14db31/userFiles-f11007dd-6cb2-4eba-af1e-c301e3e82928/com.datastax.oss_java-driver-shaded-guava-25.1-jre-graal-sub-1.jar
25/12/29 17:05:50 INFO SparkContext: Added file file:///home/azureuser/.ivy2/jars/com.typesafe_config-1.4.1.jar at file:///home/azureuser/.ivy2/jars/com.typesafe_config-1.4.1.jar with timestamp 1767027949584
25/12/29 17:05:50 INFO Utils: Copying /home/azureuser/.ivy2/jars/com.typesafe_config-1.4.1.jar to /tmp/spark-add4618b-3ed7-4306-9a3e-dc11cd14db31/userFiles-f11007dd-6cb2-4eba-af1e-c301e3e82928/com.typesafe_config-1.4.1.jar
25/12/29 17:05:50 INFO SparkContext: Added file file:///home/azureuser/.ivy2/jars/io.dropwizard.metrics_metrics-core-4.1.18.jar at file:///home/azureuser/.ivy2/jars/io.dropwizard.metrics_metrics-core-4.1.18.jar with timestamp 1767027949584
25/12/29 17:05:50 INFO Utils: Copying /home/azureuser/.ivy2/jars/io.dropwizard.metrics_metrics-core-4.1.18.jar to /tmp/spark-add4618b-3ed7-4306-9a3e-dc11cd14db31/userFiles-f11007dd-6cb2-4eba-af1e-c301e3e82928/io.dropwizard.metrics_metrics-core-4.1.18.jar
25/12/29 17:05:50 INFO SparkContext: Added file file:///home/azureuser/.ivy2/jars/org.hdrhistogram_HdrHistogram-2.1.12.jar at file:///home/azureuser/.ivy2/jars/org.hdrhistogram_HdrHistogram-2.1.12.jar with timestamp 1767027949584
25/12/29 17:05:50 INFO Utils: Copying /home/azureuser/.ivy2/jars/org.hdrhistogram_HdrHistogram-2.1.12.jar to /tmp/spark-add4618b-3ed7-4306-9a3e-dc11cd14db31/userFiles-f11007dd-6cb2-4eba-af1e-c301e3e82928/org.hdrhistogram_HdrHistogram-2.1.12.jar
25/12/29 17:05:50 INFO SparkContext: Added file file:///home/azureuser/.ivy2/jars/org.reactivestreams_reactive-streams-1.0.3.jar at file:///home/azureuser/.ivy2/jars/org.reactivestreams_reactive-streams-1.0.3.jar with timestamp 1767027949584
25/12/29 17:05:50 INFO Utils: Copying /home/azureuser/.ivy2/jars/org.reactivestreams_reactive-streams-1.0.3.jar to /tmp/spark-add4618b-3ed7-4306-9a3e-dc11cd14db31/userFiles-f11007dd-6cb2-4eba-af1e-c301e3e82928/org.reactivestreams_reactive-streams-1.0.3.jar
25/12/29 17:05:50 INFO SparkContext: Added file file:///home/azureuser/.ivy2/jars/com.github.stephenc.jcip_jcip-annotations-1.0-1.jar at file:///home/azureuser/.ivy2/jars/com.github.stephenc.jcip_jcip-annotations-1.0-1.jar with timestamp 1767027949584
25/12/29 17:05:50 INFO Utils: Copying /home/azureuser/.ivy2/jars/com.github.stephenc.jcip_jcip-annotations-1.0-1.jar to /tmp/spark-add4618b-3ed7-4306-9a3e-dc11cd14db31/userFiles-f11007dd-6cb2-4eba-af1e-c301e3e82928/com.github.stephenc.jcip_jcip-annotations-1.0-1.jar
25/12/29 17:05:50 INFO SparkContext: Added file file:///home/azureuser/.ivy2/jars/com.github.spotbugs_spotbugs-annotations-3.1.12.jar at file:///home/azureuser/.ivy2/jars/com.github.spotbugs_spotbugs-annotations-3.1.12.jar with timestamp 1767027949584
25/12/29 17:05:50 INFO Utils: Copying /home/azureuser/.ivy2/jars/com.github.spotbugs_spotbugs-annotations-3.1.12.jar to /tmp/spark-add4618b-3ed7-4306-9a3e-dc11cd14db31/userFiles-f11007dd-6cb2-4eba-af1e-c301e3e82928/com.github.spotbugs_spotbugs-annotations-3.1.12.jar
25/12/29 17:05:50 INFO SparkContext: Added file file:///home/azureuser/.ivy2/jars/com.google.code.findbugs_jsr305-3.0.2.jar at file:///home/azureuser/.ivy2/jars/com.google.code.findbugs_jsr305-3.0.2.jar with timestamp 1767027949584
25/12/29 17:05:50 INFO Utils: Copying /home/azureuser/.ivy2/jars/com.google.code.findbugs_jsr305-3.0.2.jar to /tmp/spark-add4618b-3ed7-4306-9a3e-dc11cd14db31/userFiles-f11007dd-6cb2-4eba-af1e-c301e3e82928/com.google.code.findbugs_jsr305-3.0.2.jar
25/12/29 17:05:50 INFO SparkContext: Added file file:///home/azureuser/.ivy2/jars/com.datastax.oss_java-driver-query-builder-4.13.0.jar at file:///home/azureuser/.ivy2/jars/com.datastax.oss_java-driver-query-builder-4.13.0.jar with timestamp 1767027949584
25/12/29 17:05:50 INFO Utils: Copying /home/azureuser/.ivy2/jars/com.datastax.oss_java-driver-query-builder-4.13.0.jar to /tmp/spark-add4618b-3ed7-4306-9a3e-dc11cd14db31/userFiles-f11007dd-6cb2-4eba-af1e-c301e3e82928/com.datastax.oss_java-driver-query-builder-4.13.0.jar
25/12/29 17:05:50 INFO Executor: Starting executor ID driver on host air-quality-streaming-labs.internal.cloudapp.net
25/12/29 17:05:50 INFO Executor: OS info Linux, 6.14.0-1017-azure, amd64
25/12/29 17:05:50 INFO Executor: Java version 21.0.9
25/12/29 17:05:50 INFO Executor: Starting executor with user classpath (userClassPathFirst = false): ''
25/12/29 17:05:50 INFO Executor: Created or updated repl class loader org.apache.spark.util.MutableURLClassLoader@a69cf60 for default.
25/12/29 17:05:50 INFO Executor: Fetching file:///home/azureuser/.ivy2/jars/org.lz4_lz4-java-1.8.0.jar with timestamp 1767027949584
25/12/29 17:05:50 INFO Utils: /home/azureuser/.ivy2/jars/org.lz4_lz4-java-1.8.0.jar has been previously copied to /tmp/spark-add4618b-3ed7-4306-9a3e-dc11cd14db31/userFiles-f11007dd-6cb2-4eba-af1e-c301e3e82928/org.lz4_lz4-java-1.8.0.jar
25/12/29 17:05:50 INFO Executor: Fetching file:///home/azureuser/.ivy2/jars/com.github.stephenc.jcip_jcip-annotations-1.0-1.jar with timestamp 1767027949584
25/12/29 17:05:50 INFO Utils: /home/azureuser/.ivy2/jars/com.github.stephenc.jcip_jcip-annotations-1.0-1.jar has been previously copied to /tmp/spark-add4618b-3ed7-4306-9a3e-dc11cd14db31/userFiles-f11007dd-6cb2-4eba-af1e-c301e3e82928/com.github.stephenc.jcip_jcip-annotations-1.0-1.jar
25/12/29 17:05:50 INFO Executor: Fetching file:///home/azureuser/.ivy2/jars/com.datastax.spark_spark-cassandra-connector-driver_2.12-3.2.0.jar with timestamp 1767027949584
25/12/29 17:05:50 INFO Utils: /home/azureuser/.ivy2/jars/com.datastax.spark_spark-cassandra-connector-driver_2.12-3.2.0.jar has been previously copied to /tmp/spark-add4618b-3ed7-4306-9a3e-dc11cd14db31/userFiles-f11007dd-6cb2-4eba-af1e-c301e3e82928/com.datastax.spark_spark-cassandra-connector-driver_2.12-3.2.0.jar
25/12/29 17:05:50 INFO Executor: Fetching file:///home/azureuser/.ivy2/jars/org.apache.spark_spark-token-provider-kafka-0-10_2.12-3.5.0.jar with timestamp 1767027949584
25/12/29 17:05:50 INFO Utils: /home/azureuser/.ivy2/jars/org.apache.spark_spark-token-provider-kafka-0-10_2.12-3.5.0.jar has been previously copied to /tmp/spark-add4618b-3ed7-4306-9a3e-dc11cd14db31/userFiles-f11007dd-6cb2-4eba-af1e-c301e3e82928/org.apache.spark_spark-token-provider-kafka-0-10_2.12-3.5.0.jar
25/12/29 17:05:50 INFO Executor: Fetching file:///home/azureuser/.ivy2/jars/com.datastax.oss_java-driver-core-shaded-4.13.0.jar with timestamp 1767027949584
25/12/29 17:05:50 INFO Utils: /home/azureuser/.ivy2/jars/com.datastax.oss_java-driver-core-shaded-4.13.0.jar has been previously copied to /tmp/spark-add4618b-3ed7-4306-9a3e-dc11cd14db31/userFiles-f11007dd-6cb2-4eba-af1e-c301e3e82928/com.datastax.oss_java-driver-core-shaded-4.13.0.jar
25/12/29 17:05:50 INFO Executor: Fetching file:///home/azureuser/.ivy2/jars/org.apache.hadoop_hadoop-client-runtime-3.3.4.jar with timestamp 1767027949584
25/12/29 17:05:50 INFO Utils: /home/azureuser/.ivy2/jars/org.apache.hadoop_hadoop-client-runtime-3.3.4.jar has been previously copied to /tmp/spark-add4618b-3ed7-4306-9a3e-dc11cd14db31/userFiles-f11007dd-6cb2-4eba-af1e-c301e3e82928/org.apache.hadoop_hadoop-client-runtime-3.3.4.jar
25/12/29 17:05:50 INFO Executor: Fetching file:///home/azureuser/.ivy2/jars/org.apache.kafka_kafka-clients-3.4.1.jar with timestamp 1767027949584
25/12/29 17:05:50 INFO Utils: /home/azureuser/.ivy2/jars/org.apache.kafka_kafka-clients-3.4.1.jar has been previously copied to /tmp/spark-add4618b-3ed7-4306-9a3e-dc11cd14db31/userFiles-f11007dd-6cb2-4eba-af1e-c301e3e82928/org.apache.kafka_kafka-clients-3.4.1.jar
25/12/29 17:05:50 INFO Executor: Fetching file:///home/azureuser/.ivy2/jars/org.apache.commons_commons-pool2-2.11.1.jar with timestamp 1767027949584
25/12/29 17:05:50 INFO Utils: /home/azureuser/.ivy2/jars/org.apache.commons_commons-pool2-2.11.1.jar has been previously copied to /tmp/spark-add4618b-3ed7-4306-9a3e-dc11cd14db31/userFiles-f11007dd-6cb2-4eba-af1e-c301e3e82928/org.apache.commons_commons-pool2-2.11.1.jar
25/12/29 17:05:50 INFO Executor: Fetching file:///home/azureuser/.ivy2/jars/org.reactivestreams_reactive-streams-1.0.3.jar with timestamp 1767027949584
25/12/29 17:05:50 INFO Utils: /home/azureuser/.ivy2/jars/org.reactivestreams_reactive-streams-1.0.3.jar has been previously copied to /tmp/spark-add4618b-3ed7-4306-9a3e-dc11cd14db31/userFiles-f11007dd-6cb2-4eba-af1e-c301e3e82928/org.reactivestreams_reactive-streams-1.0.3.jar
25/12/29 17:05:50 INFO Executor: Fetching file:///home/azureuser/.ivy2/jars/org.scala-lang_scala-reflect-2.12.11.jar with timestamp 1767027949584
25/12/29 17:05:50 INFO Utils: /home/azureuser/.ivy2/jars/org.scala-lang_scala-reflect-2.12.11.jar has been previously copied to /tmp/spark-add4618b-3ed7-4306-9a3e-dc11cd14db31/userFiles-f11007dd-6cb2-4eba-af1e-c301e3e82928/org.scala-lang_scala-reflect-2.12.11.jar
25/12/29 17:05:50 INFO Executor: Fetching file:///home/azureuser/.ivy2/jars/commons-logging_commons-logging-1.1.3.jar with timestamp 1767027949584
25/12/29 17:05:50 INFO Utils: /home/azureuser/.ivy2/jars/commons-logging_commons-logging-1.1.3.jar has been previously copied to /tmp/spark-add4618b-3ed7-4306-9a3e-dc11cd14db31/userFiles-f11007dd-6cb2-4eba-af1e-c301e3e82928/commons-logging_commons-logging-1.1.3.jar
25/12/29 17:05:50 INFO Executor: Fetching file:///home/azureuser/.ivy2/jars/org.apache.commons_commons-lang3-3.10.jar with timestamp 1767027949584
25/12/29 17:05:50 INFO Utils: /home/azureuser/.ivy2/jars/org.apache.commons_commons-lang3-3.10.jar has been previously copied to /tmp/spark-add4618b-3ed7-4306-9a3e-dc11cd14db31/userFiles-f11007dd-6cb2-4eba-af1e-c301e3e82928/org.apache.commons_commons-lang3-3.10.jar
25/12/29 17:05:50 INFO Executor: Fetching file:///home/azureuser/.ivy2/jars/io.dropwizard.metrics_metrics-core-4.1.18.jar with timestamp 1767027949584
25/12/29 17:05:50 INFO Utils: /home/azureuser/.ivy2/jars/io.dropwizard.metrics_metrics-core-4.1.18.jar has been previously copied to /tmp/spark-add4618b-3ed7-4306-9a3e-dc11cd14db31/userFiles-f11007dd-6cb2-4eba-af1e-c301e3e82928/io.dropwizard.metrics_metrics-core-4.1.18.jar
25/12/29 17:05:50 INFO Executor: Fetching file:///home/azureuser/.ivy2/jars/com.thoughtworks.paranamer_paranamer-2.8.jar with timestamp 1767027949584
25/12/29 17:05:50 INFO Utils: /home/azureuser/.ivy2/jars/com.thoughtworks.paranamer_paranamer-2.8.jar has been previously copied to /tmp/spark-add4618b-3ed7-4306-9a3e-dc11cd14db31/userFiles-f11007dd-6cb2-4eba-af1e-c301e3e82928/com.thoughtworks.paranamer_paranamer-2.8.jar
25/12/29 17:05:50 INFO Executor: Fetching file:///home/azureuser/.ivy2/jars/com.datastax.spark_spark-cassandra-connector_2.12-3.2.0.jar with timestamp 1767027949584
25/12/29 17:05:50 INFO Utils: /home/azureuser/.ivy2/jars/com.datastax.spark_spark-cassandra-connector_2.12-3.2.0.jar has been previously copied to /tmp/spark-add4618b-3ed7-4306-9a3e-dc11cd14db31/userFiles-f11007dd-6cb2-4eba-af1e-c301e3e82928/com.datastax.spark_spark-cassandra-connector_2.12-3.2.0.jar
25/12/29 17:05:50 INFO Executor: Fetching file:///home/azureuser/.ivy2/jars/org.hdrhistogram_HdrHistogram-2.1.12.jar with timestamp 1767027949584
25/12/29 17:05:50 INFO Utils: /home/azureuser/.ivy2/jars/org.hdrhistogram_HdrHistogram-2.1.12.jar has been previously copied to /tmp/spark-add4618b-3ed7-4306-9a3e-dc11cd14db31/userFiles-f11007dd-6cb2-4eba-af1e-c301e3e82928/org.hdrhistogram_HdrHistogram-2.1.12.jar
25/12/29 17:05:50 INFO Executor: Fetching file:///home/azureuser/.ivy2/jars/com.datastax.oss_java-driver-query-builder-4.13.0.jar with timestamp 1767027949584
25/12/29 17:05:50 INFO Utils: /home/azureuser/.ivy2/jars/com.datastax.oss_java-driver-query-builder-4.13.0.jar has been previously copied to /tmp/spark-add4618b-3ed7-4306-9a3e-dc11cd14db31/userFiles-f11007dd-6cb2-4eba-af1e-c301e3e82928/com.datastax.oss_java-driver-query-builder-4.13.0.jar
25/12/29 17:05:50 INFO Executor: Fetching file:///home/azureuser/.ivy2/jars/org.slf4j_slf4j-api-2.0.7.jar with timestamp 1767027949584
25/12/29 17:05:50 INFO Utils: /home/azureuser/.ivy2/jars/org.slf4j_slf4j-api-2.0.7.jar has been previously copied to /tmp/spark-add4618b-3ed7-4306-9a3e-dc11cd14db31/userFiles-f11007dd-6cb2-4eba-af1e-c301e3e82928/org.slf4j_slf4j-api-2.0.7.jar
25/12/29 17:05:50 INFO Executor: Fetching file:///home/azureuser/.ivy2/jars/org.xerial.snappy_snappy-java-1.1.10.3.jar with timestamp 1767027949584
25/12/29 17:05:50 INFO Utils: /home/azureuser/.ivy2/jars/org.xerial.snappy_snappy-java-1.1.10.3.jar has been previously copied to /tmp/spark-add4618b-3ed7-4306-9a3e-dc11cd14db31/userFiles-f11007dd-6cb2-4eba-af1e-c301e3e82928/org.xerial.snappy_snappy-java-1.1.10.3.jar
25/12/29 17:05:50 INFO Executor: Fetching file:///home/azureuser/.ivy2/jars/org.apache.hadoop_hadoop-client-api-3.3.4.jar with timestamp 1767027949584
25/12/29 17:05:50 INFO Utils: /home/azureuser/.ivy2/jars/org.apache.hadoop_hadoop-client-api-3.3.4.jar has been previously copied to /tmp/spark-add4618b-3ed7-4306-9a3e-dc11cd14db31/userFiles-f11007dd-6cb2-4eba-af1e-c301e3e82928/org.apache.hadoop_hadoop-client-api-3.3.4.jar
25/12/29 17:05:50 INFO Executor: Fetching file:///home/azureuser/.ivy2/jars/com.datastax.oss_java-driver-mapper-runtime-4.13.0.jar with timestamp 1767027949584
25/12/29 17:05:50 INFO Utils: /home/azureuser/.ivy2/jars/com.datastax.oss_java-driver-mapper-runtime-4.13.0.jar has been previously copied to /tmp/spark-add4618b-3ed7-4306-9a3e-dc11cd14db31/userFiles-f11007dd-6cb2-4eba-af1e-c301e3e82928/com.datastax.oss_java-driver-mapper-runtime-4.13.0.jar
25/12/29 17:05:50 INFO Executor: Fetching file:///home/azureuser/.ivy2/jars/com.datastax.oss_native-protocol-1.5.0.jar with timestamp 1767027949584
25/12/29 17:05:50 INFO Utils: /home/azureuser/.ivy2/jars/com.datastax.oss_native-protocol-1.5.0.jar has been previously copied to /tmp/spark-add4618b-3ed7-4306-9a3e-dc11cd14db31/userFiles-f11007dd-6cb2-4eba-af1e-c301e3e82928/com.datastax.oss_native-protocol-1.5.0.jar
25/12/29 17:05:50 INFO Executor: Fetching file:///home/azureuser/.ivy2/jars/com.google.code.findbugs_jsr305-3.0.2.jar with timestamp 1767027949584
25/12/29 17:05:50 INFO Utils: /home/azureuser/.ivy2/jars/com.google.code.findbugs_jsr305-3.0.2.jar has been previously copied to /tmp/spark-add4618b-3ed7-4306-9a3e-dc11cd14db31/userFiles-f11007dd-6cb2-4eba-af1e-c301e3e82928/com.google.code.findbugs_jsr305-3.0.2.jar
25/12/29 17:05:50 INFO Executor: Fetching file:///home/azureuser/.ivy2/jars/com.datastax.oss_java-driver-shaded-guava-25.1-jre-graal-sub-1.jar with timestamp 1767027949584
25/12/29 17:05:50 INFO Utils: /home/azureuser/.ivy2/jars/com.datastax.oss_java-driver-shaded-guava-25.1-jre-graal-sub-1.jar has been previously copied to /tmp/spark-add4618b-3ed7-4306-9a3e-dc11cd14db31/userFiles-f11007dd-6cb2-4eba-af1e-c301e3e82928/com.datastax.oss_java-driver-shaded-guava-25.1-jre-graal-sub-1.jar
25/12/29 17:05:50 INFO Executor: Fetching file:///home/azureuser/.ivy2/jars/org.apache.spark_spark-sql-kafka-0-10_2.12-3.5.0.jar with timestamp 1767027949584
25/12/29 17:05:50 INFO Utils: /home/azureuser/.ivy2/jars/org.apache.spark_spark-sql-kafka-0-10_2.12-3.5.0.jar has been previously copied to /tmp/spark-add4618b-3ed7-4306-9a3e-dc11cd14db31/userFiles-f11007dd-6cb2-4eba-af1e-c301e3e82928/org.apache.spark_spark-sql-kafka-0-10_2.12-3.5.0.jar
25/12/29 17:05:50 INFO Executor: Fetching file:///home/azureuser/.ivy2/jars/com.typesafe_config-1.4.1.jar with timestamp 1767027949584
25/12/29 17:05:50 INFO Utils: /home/azureuser/.ivy2/jars/com.typesafe_config-1.4.1.jar has been previously copied to /tmp/spark-add4618b-3ed7-4306-9a3e-dc11cd14db31/userFiles-f11007dd-6cb2-4eba-af1e-c301e3e82928/com.typesafe_config-1.4.1.jar
25/12/29 17:05:50 INFO Executor: Fetching file:///home/azureuser/.ivy2/jars/com.github.spotbugs_spotbugs-annotations-3.1.12.jar with timestamp 1767027949584
25/12/29 17:05:50 INFO Utils: /home/azureuser/.ivy2/jars/com.github.spotbugs_spotbugs-annotations-3.1.12.jar has been previously copied to /tmp/spark-add4618b-3ed7-4306-9a3e-dc11cd14db31/userFiles-f11007dd-6cb2-4eba-af1e-c301e3e82928/com.github.spotbugs_spotbugs-annotations-3.1.12.jar
25/12/29 17:05:50 INFO Executor: Fetching spark://air-quality-streaming-labs.internal.cloudapp.net:33885/jars/com.datastax.spark_spark-cassandra-connector_2.12-3.2.0.jar with timestamp 1767027949584
25/12/29 17:05:50 INFO TransportClientFactory: Successfully created connection to air-quality-streaming-labs.internal.cloudapp.net/172.16.0.4:33885 after 18 ms (0 ms spent in bootstraps)
25/12/29 17:05:50 INFO Utils: Fetching spark://air-quality-streaming-labs.internal.cloudapp.net:33885/jars/com.datastax.spark_spark-cassandra-connector_2.12-3.2.0.jar to /tmp/spark-add4618b-3ed7-4306-9a3e-dc11cd14db31/userFiles-f11007dd-6cb2-4eba-af1e-c301e3e82928/fetchFileTemp6796396556914205450.tmp
25/12/29 17:05:50 INFO Utils: /tmp/spark-add4618b-3ed7-4306-9a3e-dc11cd14db31/userFiles-f11007dd-6cb2-4eba-af1e-c301e3e82928/fetchFileTemp6796396556914205450.tmp has been previously copied to /tmp/spark-add4618b-3ed7-4306-9a3e-dc11cd14db31/userFiles-f11007dd-6cb2-4eba-af1e-c301e3e82928/com.datastax.spark_spark-cassandra-connector_2.12-3.2.0.jar
25/12/29 17:05:50 INFO Executor: Adding file:/tmp/spark-add4618b-3ed7-4306-9a3e-dc11cd14db31/userFiles-f11007dd-6cb2-4eba-af1e-c301e3e82928/com.datastax.spark_spark-cassandra-connector_2.12-3.2.0.jar to class loader default
25/12/29 17:05:50 INFO Executor: Fetching spark://air-quality-streaming-labs.internal.cloudapp.net:33885/jars/org.apache.kafka_kafka-clients-3.4.1.jar with timestamp 1767027949584
25/12/29 17:05:50 INFO Utils: Fetching spark://air-quality-streaming-labs.internal.cloudapp.net:33885/jars/org.apache.kafka_kafka-clients-3.4.1.jar to /tmp/spark-add4618b-3ed7-4306-9a3e-dc11cd14db31/userFiles-f11007dd-6cb2-4eba-af1e-c301e3e82928/fetchFileTemp6849137234698516377.tmp
25/12/29 17:05:50 INFO Utils: /tmp/spark-add4618b-3ed7-4306-9a3e-dc11cd14db31/userFiles-f11007dd-6cb2-4eba-af1e-c301e3e82928/fetchFileTemp6849137234698516377.tmp has been previously copied to /tmp/spark-add4618b-3ed7-4306-9a3e-dc11cd14db31/userFiles-f11007dd-6cb2-4eba-af1e-c301e3e82928/org.apache.kafka_kafka-clients-3.4.1.jar
25/12/29 17:05:50 INFO Executor: Adding file:/tmp/spark-add4618b-3ed7-4306-9a3e-dc11cd14db31/userFiles-f11007dd-6cb2-4eba-af1e-c301e3e82928/org.apache.kafka_kafka-clients-3.4.1.jar to class loader default
25/12/29 17:05:50 INFO Executor: Fetching spark://air-quality-streaming-labs.internal.cloudapp.net:33885/jars/org.apache.hadoop_hadoop-client-api-3.3.4.jar with timestamp 1767027949584
25/12/29 17:05:50 INFO Utils: Fetching spark://air-quality-streaming-labs.internal.cloudapp.net:33885/jars/org.apache.hadoop_hadoop-client-api-3.3.4.jar to /tmp/spark-add4618b-3ed7-4306-9a3e-dc11cd14db31/userFiles-f11007dd-6cb2-4eba-af1e-c301e3e82928/fetchFileTemp3792684119598426122.tmp
25/12/29 17:05:50 INFO Utils: /tmp/spark-add4618b-3ed7-4306-9a3e-dc11cd14db31/userFiles-f11007dd-6cb2-4eba-af1e-c301e3e82928/fetchFileTemp3792684119598426122.tmp has been previously copied to /tmp/spark-add4618b-3ed7-4306-9a3e-dc11cd14db31/userFiles-f11007dd-6cb2-4eba-af1e-c301e3e82928/org.apache.hadoop_hadoop-client-api-3.3.4.jar
25/12/29 17:05:50 INFO Executor: Adding file:/tmp/spark-add4618b-3ed7-4306-9a3e-dc11cd14db31/userFiles-f11007dd-6cb2-4eba-af1e-c301e3e82928/org.apache.hadoop_hadoop-client-api-3.3.4.jar to class loader default
25/12/29 17:05:50 INFO Executor: Fetching spark://air-quality-streaming-labs.internal.cloudapp.net:33885/jars/com.thoughtworks.paranamer_paranamer-2.8.jar with timestamp 1767027949584
25/12/29 17:05:50 INFO Utils: Fetching spark://air-quality-streaming-labs.internal.cloudapp.net:33885/jars/com.thoughtworks.paranamer_paranamer-2.8.jar to /tmp/spark-add4618b-3ed7-4306-9a3e-dc11cd14db31/userFiles-f11007dd-6cb2-4eba-af1e-c301e3e82928/fetchFileTemp5471979422136296047.tmp
25/12/29 17:05:50 INFO Utils: /tmp/spark-add4618b-3ed7-4306-9a3e-dc11cd14db31/userFiles-f11007dd-6cb2-4eba-af1e-c301e3e82928/fetchFileTemp5471979422136296047.tmp has been previously copied to /tmp/spark-add4618b-3ed7-4306-9a3e-dc11cd14db31/userFiles-f11007dd-6cb2-4eba-af1e-c301e3e82928/com.thoughtworks.paranamer_paranamer-2.8.jar
25/12/29 17:05:50 INFO Executor: Adding file:/tmp/spark-add4618b-3ed7-4306-9a3e-dc11cd14db31/userFiles-f11007dd-6cb2-4eba-af1e-c301e3e82928/com.thoughtworks.paranamer_paranamer-2.8.jar to class loader default
25/12/29 17:05:50 INFO Executor: Fetching spark://air-quality-streaming-labs.internal.cloudapp.net:33885/jars/com.google.code.findbugs_jsr305-3.0.2.jar with timestamp 1767027949584
25/12/29 17:05:50 INFO Utils: Fetching spark://air-quality-streaming-labs.internal.cloudapp.net:33885/jars/com.google.code.findbugs_jsr305-3.0.2.jar to /tmp/spark-add4618b-3ed7-4306-9a3e-dc11cd14db31/userFiles-f11007dd-6cb2-4eba-af1e-c301e3e82928/fetchFileTemp6309433153201410010.tmp
25/12/29 17:05:50 INFO Utils: /tmp/spark-add4618b-3ed7-4306-9a3e-dc11cd14db31/userFiles-f11007dd-6cb2-4eba-af1e-c301e3e82928/fetchFileTemp6309433153201410010.tmp has been previously copied to /tmp/spark-add4618b-3ed7-4306-9a3e-dc11cd14db31/userFiles-f11007dd-6cb2-4eba-af1e-c301e3e82928/com.google.code.findbugs_jsr305-3.0.2.jar
25/12/29 17:05:50 INFO Executor: Adding file:/tmp/spark-add4618b-3ed7-4306-9a3e-dc11cd14db31/userFiles-f11007dd-6cb2-4eba-af1e-c301e3e82928/com.google.code.findbugs_jsr305-3.0.2.jar to class loader default
25/12/29 17:05:50 INFO Executor: Fetching spark://air-quality-streaming-labs.internal.cloudapp.net:33885/jars/com.datastax.oss_native-protocol-1.5.0.jar with timestamp 1767027949584
25/12/29 17:05:50 INFO Utils: Fetching spark://air-quality-streaming-labs.internal.cloudapp.net:33885/jars/com.datastax.oss_native-protocol-1.5.0.jar to /tmp/spark-add4618b-3ed7-4306-9a3e-dc11cd14db31/userFiles-f11007dd-6cb2-4eba-af1e-c301e3e82928/fetchFileTemp571045492585423105.tmp
25/12/29 17:05:50 INFO Utils: /tmp/spark-add4618b-3ed7-4306-9a3e-dc11cd14db31/userFiles-f11007dd-6cb2-4eba-af1e-c301e3e82928/fetchFileTemp571045492585423105.tmp has been previously copied to /tmp/spark-add4618b-3ed7-4306-9a3e-dc11cd14db31/userFiles-f11007dd-6cb2-4eba-af1e-c301e3e82928/com.datastax.oss_native-protocol-1.5.0.jar
25/12/29 17:05:50 INFO Executor: Adding file:/tmp/spark-add4618b-3ed7-4306-9a3e-dc11cd14db31/userFiles-f11007dd-6cb2-4eba-af1e-c301e3e82928/com.datastax.oss_native-protocol-1.5.0.jar to class loader default
25/12/29 17:05:50 INFO Executor: Fetching spark://air-quality-streaming-labs.internal.cloudapp.net:33885/jars/com.github.stephenc.jcip_jcip-annotations-1.0-1.jar with timestamp 1767027949584
25/12/29 17:05:50 INFO Utils: Fetching spark://air-quality-streaming-labs.internal.cloudapp.net:33885/jars/com.github.stephenc.jcip_jcip-annotations-1.0-1.jar to /tmp/spark-add4618b-3ed7-4306-9a3e-dc11cd14db31/userFiles-f11007dd-6cb2-4eba-af1e-c301e3e82928/fetchFileTemp12569860758477577396.tmp
25/12/29 17:05:50 INFO Utils: /tmp/spark-add4618b-3ed7-4306-9a3e-dc11cd14db31/userFiles-f11007dd-6cb2-4eba-af1e-c301e3e82928/fetchFileTemp12569860758477577396.tmp has been previously copied to /tmp/spark-add4618b-3ed7-4306-9a3e-dc11cd14db31/userFiles-f11007dd-6cb2-4eba-af1e-c301e3e82928/com.github.stephenc.jcip_jcip-annotations-1.0-1.jar
25/12/29 17:05:50 INFO Executor: Adding file:/tmp/spark-add4618b-3ed7-4306-9a3e-dc11cd14db31/userFiles-f11007dd-6cb2-4eba-af1e-c301e3e82928/com.github.stephenc.jcip_jcip-annotations-1.0-1.jar to class loader default
25/12/29 17:05:50 INFO Executor: Fetching spark://air-quality-streaming-labs.internal.cloudapp.net:33885/jars/org.apache.spark_spark-token-provider-kafka-0-10_2.12-3.5.0.jar with timestamp 1767027949584
25/12/29 17:05:50 INFO Utils: Fetching spark://air-quality-streaming-labs.internal.cloudapp.net:33885/jars/org.apache.spark_spark-token-provider-kafka-0-10_2.12-3.5.0.jar to /tmp/spark-add4618b-3ed7-4306-9a3e-dc11cd14db31/userFiles-f11007dd-6cb2-4eba-af1e-c301e3e82928/fetchFileTemp2780602856451808038.tmp
25/12/29 17:05:50 INFO Utils: /tmp/spark-add4618b-3ed7-4306-9a3e-dc11cd14db31/userFiles-f11007dd-6cb2-4eba-af1e-c301e3e82928/fetchFileTemp2780602856451808038.tmp has been previously copied to /tmp/spark-add4618b-3ed7-4306-9a3e-dc11cd14db31/userFiles-f11007dd-6cb2-4eba-af1e-c301e3e82928/org.apache.spark_spark-token-provider-kafka-0-10_2.12-3.5.0.jar
25/12/29 17:05:50 INFO Executor: Adding file:/tmp/spark-add4618b-3ed7-4306-9a3e-dc11cd14db31/userFiles-f11007dd-6cb2-4eba-af1e-c301e3e82928/org.apache.spark_spark-token-provider-kafka-0-10_2.12-3.5.0.jar to class loader default
25/12/29 17:05:50 INFO Executor: Fetching spark://air-quality-streaming-labs.internal.cloudapp.net:33885/jars/com.datastax.oss_java-driver-core-shaded-4.13.0.jar with timestamp 1767027949584
25/12/29 17:05:50 INFO Utils: Fetching spark://air-quality-streaming-labs.internal.cloudapp.net:33885/jars/com.datastax.oss_java-driver-core-shaded-4.13.0.jar to /tmp/spark-add4618b-3ed7-4306-9a3e-dc11cd14db31/userFiles-f11007dd-6cb2-4eba-af1e-c301e3e82928/fetchFileTemp2595089096934794064.tmp
25/12/29 17:05:50 INFO Utils: /tmp/spark-add4618b-3ed7-4306-9a3e-dc11cd14db31/userFiles-f11007dd-6cb2-4eba-af1e-c301e3e82928/fetchFileTemp2595089096934794064.tmp has been previously copied to /tmp/spark-add4618b-3ed7-4306-9a3e-dc11cd14db31/userFiles-f11007dd-6cb2-4eba-af1e-c301e3e82928/com.datastax.oss_java-driver-core-shaded-4.13.0.jar
25/12/29 17:05:50 INFO Executor: Adding file:/tmp/spark-add4618b-3ed7-4306-9a3e-dc11cd14db31/userFiles-f11007dd-6cb2-4eba-af1e-c301e3e82928/com.datastax.oss_java-driver-core-shaded-4.13.0.jar to class loader default
25/12/29 17:05:50 INFO Executor: Fetching spark://air-quality-streaming-labs.internal.cloudapp.net:33885/jars/org.slf4j_slf4j-api-2.0.7.jar with timestamp 1767027949584
25/12/29 17:05:50 INFO Utils: Fetching spark://air-quality-streaming-labs.internal.cloudapp.net:33885/jars/org.slf4j_slf4j-api-2.0.7.jar to /tmp/spark-add4618b-3ed7-4306-9a3e-dc11cd14db31/userFiles-f11007dd-6cb2-4eba-af1e-c301e3e82928/fetchFileTemp14511517449165807284.tmp
25/12/29 17:05:50 INFO Utils: /tmp/spark-add4618b-3ed7-4306-9a3e-dc11cd14db31/userFiles-f11007dd-6cb2-4eba-af1e-c301e3e82928/fetchFileTemp14511517449165807284.tmp has been previously copied to /tmp/spark-add4618b-3ed7-4306-9a3e-dc11cd14db31/userFiles-f11007dd-6cb2-4eba-af1e-c301e3e82928/org.slf4j_slf4j-api-2.0.7.jar
25/12/29 17:05:50 INFO Executor: Adding file:/tmp/spark-add4618b-3ed7-4306-9a3e-dc11cd14db31/userFiles-f11007dd-6cb2-4eba-af1e-c301e3e82928/org.slf4j_slf4j-api-2.0.7.jar to class loader default
25/12/29 17:05:50 INFO Executor: Fetching spark://air-quality-streaming-labs.internal.cloudapp.net:33885/jars/org.reactivestreams_reactive-streams-1.0.3.jar with timestamp 1767027949584
25/12/29 17:05:50 INFO Utils: Fetching spark://air-quality-streaming-labs.internal.cloudapp.net:33885/jars/org.reactivestreams_reactive-streams-1.0.3.jar to /tmp/spark-add4618b-3ed7-4306-9a3e-dc11cd14db31/userFiles-f11007dd-6cb2-4eba-af1e-c301e3e82928/fetchFileTemp12601000515989419039.tmp
25/12/29 17:05:50 INFO Utils: /tmp/spark-add4618b-3ed7-4306-9a3e-dc11cd14db31/userFiles-f11007dd-6cb2-4eba-af1e-c301e3e82928/fetchFileTemp12601000515989419039.tmp has been previously copied to /tmp/spark-add4618b-3ed7-4306-9a3e-dc11cd14db31/userFiles-f11007dd-6cb2-4eba-af1e-c301e3e82928/org.reactivestreams_reactive-streams-1.0.3.jar
25/12/29 17:05:50 INFO Executor: Adding file:/tmp/spark-add4618b-3ed7-4306-9a3e-dc11cd14db31/userFiles-f11007dd-6cb2-4eba-af1e-c301e3e82928/org.reactivestreams_reactive-streams-1.0.3.jar to class loader default
25/12/29 17:05:50 INFO Executor: Fetching spark://air-quality-streaming-labs.internal.cloudapp.net:33885/jars/io.dropwizard.metrics_metrics-core-4.1.18.jar with timestamp 1767027949584
25/12/29 17:05:50 INFO Utils: Fetching spark://air-quality-streaming-labs.internal.cloudapp.net:33885/jars/io.dropwizard.metrics_metrics-core-4.1.18.jar to /tmp/spark-add4618b-3ed7-4306-9a3e-dc11cd14db31/userFiles-f11007dd-6cb2-4eba-af1e-c301e3e82928/fetchFileTemp13238579078499866734.tmp
25/12/29 17:05:50 INFO Utils: /tmp/spark-add4618b-3ed7-4306-9a3e-dc11cd14db31/userFiles-f11007dd-6cb2-4eba-af1e-c301e3e82928/fetchFileTemp13238579078499866734.tmp has been previously copied to /tmp/spark-add4618b-3ed7-4306-9a3e-dc11cd14db31/userFiles-f11007dd-6cb2-4eba-af1e-c301e3e82928/io.dropwizard.metrics_metrics-core-4.1.18.jar
25/12/29 17:05:50 INFO Executor: Adding file:/tmp/spark-add4618b-3ed7-4306-9a3e-dc11cd14db31/userFiles-f11007dd-6cb2-4eba-af1e-c301e3e82928/io.dropwizard.metrics_metrics-core-4.1.18.jar to class loader default
25/12/29 17:05:50 INFO Executor: Fetching spark://air-quality-streaming-labs.internal.cloudapp.net:33885/jars/org.xerial.snappy_snappy-java-1.1.10.3.jar with timestamp 1767027949584
25/12/29 17:05:50 INFO Utils: Fetching spark://air-quality-streaming-labs.internal.cloudapp.net:33885/jars/org.xerial.snappy_snappy-java-1.1.10.3.jar to /tmp/spark-add4618b-3ed7-4306-9a3e-dc11cd14db31/userFiles-f11007dd-6cb2-4eba-af1e-c301e3e82928/fetchFileTemp7651067911733173298.tmp
25/12/29 17:05:50 INFO Utils: /tmp/spark-add4618b-3ed7-4306-9a3e-dc11cd14db31/userFiles-f11007dd-6cb2-4eba-af1e-c301e3e82928/fetchFileTemp7651067911733173298.tmp has been previously copied to /tmp/spark-add4618b-3ed7-4306-9a3e-dc11cd14db31/userFiles-f11007dd-6cb2-4eba-af1e-c301e3e82928/org.xerial.snappy_snappy-java-1.1.10.3.jar
25/12/29 17:05:50 INFO Executor: Adding file:/tmp/spark-add4618b-3ed7-4306-9a3e-dc11cd14db31/userFiles-f11007dd-6cb2-4eba-af1e-c301e3e82928/org.xerial.snappy_snappy-java-1.1.10.3.jar to class loader default
25/12/29 17:05:50 INFO Executor: Fetching spark://air-quality-streaming-labs.internal.cloudapp.net:33885/jars/com.typesafe_config-1.4.1.jar with timestamp 1767027949584
25/12/29 17:05:50 INFO Utils: Fetching spark://air-quality-streaming-labs.internal.cloudapp.net:33885/jars/com.typesafe_config-1.4.1.jar to /tmp/spark-add4618b-3ed7-4306-9a3e-dc11cd14db31/userFiles-f11007dd-6cb2-4eba-af1e-c301e3e82928/fetchFileTemp17434152734783689657.tmp
25/12/29 17:05:50 INFO Utils: /tmp/spark-add4618b-3ed7-4306-9a3e-dc11cd14db31/userFiles-f11007dd-6cb2-4eba-af1e-c301e3e82928/fetchFileTemp17434152734783689657.tmp has been previously copied to /tmp/spark-add4618b-3ed7-4306-9a3e-dc11cd14db31/userFiles-f11007dd-6cb2-4eba-af1e-c301e3e82928/com.typesafe_config-1.4.1.jar
25/12/29 17:05:50 INFO Executor: Adding file:/tmp/spark-add4618b-3ed7-4306-9a3e-dc11cd14db31/userFiles-f11007dd-6cb2-4eba-af1e-c301e3e82928/com.typesafe_config-1.4.1.jar to class loader default
25/12/29 17:05:50 INFO Executor: Fetching spark://air-quality-streaming-labs.internal.cloudapp.net:33885/jars/com.github.spotbugs_spotbugs-annotations-3.1.12.jar with timestamp 1767027949584
25/12/29 17:05:50 INFO Utils: Fetching spark://air-quality-streaming-labs.internal.cloudapp.net:33885/jars/com.github.spotbugs_spotbugs-annotations-3.1.12.jar to /tmp/spark-add4618b-3ed7-4306-9a3e-dc11cd14db31/userFiles-f11007dd-6cb2-4eba-af1e-c301e3e82928/fetchFileTemp2451761464485643366.tmp
25/12/29 17:05:50 INFO Utils: /tmp/spark-add4618b-3ed7-4306-9a3e-dc11cd14db31/userFiles-f11007dd-6cb2-4eba-af1e-c301e3e82928/fetchFileTemp2451761464485643366.tmp has been previously copied to /tmp/spark-add4618b-3ed7-4306-9a3e-dc11cd14db31/userFiles-f11007dd-6cb2-4eba-af1e-c301e3e82928/com.github.spotbugs_spotbugs-annotations-3.1.12.jar
25/12/29 17:05:50 INFO Executor: Adding file:/tmp/spark-add4618b-3ed7-4306-9a3e-dc11cd14db31/userFiles-f11007dd-6cb2-4eba-af1e-c301e3e82928/com.github.spotbugs_spotbugs-annotations-3.1.12.jar to class loader default
25/12/29 17:05:50 INFO Executor: Fetching spark://air-quality-streaming-labs.internal.cloudapp.net:33885/jars/org.lz4_lz4-java-1.8.0.jar with timestamp 1767027949584
25/12/29 17:05:50 INFO Utils: Fetching spark://air-quality-streaming-labs.internal.cloudapp.net:33885/jars/org.lz4_lz4-java-1.8.0.jar to /tmp/spark-add4618b-3ed7-4306-9a3e-dc11cd14db31/userFiles-f11007dd-6cb2-4eba-af1e-c301e3e82928/fetchFileTemp6023426214797758429.tmp
25/12/29 17:05:50 INFO Utils: /tmp/spark-add4618b-3ed7-4306-9a3e-dc11cd14db31/userFiles-f11007dd-6cb2-4eba-af1e-c301e3e82928/fetchFileTemp6023426214797758429.tmp has been previously copied to /tmp/spark-add4618b-3ed7-4306-9a3e-dc11cd14db31/userFiles-f11007dd-6cb2-4eba-af1e-c301e3e82928/org.lz4_lz4-java-1.8.0.jar
25/12/29 17:05:50 INFO Executor: Adding file:/tmp/spark-add4618b-3ed7-4306-9a3e-dc11cd14db31/userFiles-f11007dd-6cb2-4eba-af1e-c301e3e82928/org.lz4_lz4-java-1.8.0.jar to class loader default
25/12/29 17:05:50 INFO Executor: Fetching spark://air-quality-streaming-labs.internal.cloudapp.net:33885/jars/org.hdrhistogram_HdrHistogram-2.1.12.jar with timestamp 1767027949584
25/12/29 17:05:50 INFO Utils: Fetching spark://air-quality-streaming-labs.internal.cloudapp.net:33885/jars/org.hdrhistogram_HdrHistogram-2.1.12.jar to /tmp/spark-add4618b-3ed7-4306-9a3e-dc11cd14db31/userFiles-f11007dd-6cb2-4eba-af1e-c301e3e82928/fetchFileTemp8294171044665688737.tmp
25/12/29 17:05:50 INFO Utils: /tmp/spark-add4618b-3ed7-4306-9a3e-dc11cd14db31/userFiles-f11007dd-6cb2-4eba-af1e-c301e3e82928/fetchFileTemp8294171044665688737.tmp has been previously copied to /tmp/spark-add4618b-3ed7-4306-9a3e-dc11cd14db31/userFiles-f11007dd-6cb2-4eba-af1e-c301e3e82928/org.hdrhistogram_HdrHistogram-2.1.12.jar
25/12/29 17:05:50 INFO Executor: Adding file:/tmp/spark-add4618b-3ed7-4306-9a3e-dc11cd14db31/userFiles-f11007dd-6cb2-4eba-af1e-c301e3e82928/org.hdrhistogram_HdrHistogram-2.1.12.jar to class loader default
25/12/29 17:05:50 INFO Executor: Fetching spark://air-quality-streaming-labs.internal.cloudapp.net:33885/jars/org.apache.commons_commons-lang3-3.10.jar with timestamp 1767027949584
25/12/29 17:05:50 INFO Utils: Fetching spark://air-quality-streaming-labs.internal.cloudapp.net:33885/jars/org.apache.commons_commons-lang3-3.10.jar to /tmp/spark-add4618b-3ed7-4306-9a3e-dc11cd14db31/userFiles-f11007dd-6cb2-4eba-af1e-c301e3e82928/fetchFileTemp14630734597818392005.tmp
25/12/29 17:05:50 INFO Utils: /tmp/spark-add4618b-3ed7-4306-9a3e-dc11cd14db31/userFiles-f11007dd-6cb2-4eba-af1e-c301e3e82928/fetchFileTemp14630734597818392005.tmp has been previously copied to /tmp/spark-add4618b-3ed7-4306-9a3e-dc11cd14db31/userFiles-f11007dd-6cb2-4eba-af1e-c301e3e82928/org.apache.commons_commons-lang3-3.10.jar
25/12/29 17:05:50 INFO Executor: Adding file:/tmp/spark-add4618b-3ed7-4306-9a3e-dc11cd14db31/userFiles-f11007dd-6cb2-4eba-af1e-c301e3e82928/org.apache.commons_commons-lang3-3.10.jar to class loader default
25/12/29 17:05:50 INFO Executor: Fetching spark://air-quality-streaming-labs.internal.cloudapp.net:33885/jars/com.datastax.oss_java-driver-query-builder-4.13.0.jar with timestamp 1767027949584
25/12/29 17:05:50 INFO Utils: Fetching spark://air-quality-streaming-labs.internal.cloudapp.net:33885/jars/com.datastax.oss_java-driver-query-builder-4.13.0.jar to /tmp/spark-add4618b-3ed7-4306-9a3e-dc11cd14db31/userFiles-f11007dd-6cb2-4eba-af1e-c301e3e82928/fetchFileTemp10939900527154129726.tmp
25/12/29 17:05:50 INFO Utils: /tmp/spark-add4618b-3ed7-4306-9a3e-dc11cd14db31/userFiles-f11007dd-6cb2-4eba-af1e-c301e3e82928/fetchFileTemp10939900527154129726.tmp has been previously copied to /tmp/spark-add4618b-3ed7-4306-9a3e-dc11cd14db31/userFiles-f11007dd-6cb2-4eba-af1e-c301e3e82928/com.datastax.oss_java-driver-query-builder-4.13.0.jar
25/12/29 17:05:50 INFO Executor: Adding file:/tmp/spark-add4618b-3ed7-4306-9a3e-dc11cd14db31/userFiles-f11007dd-6cb2-4eba-af1e-c301e3e82928/com.datastax.oss_java-driver-query-builder-4.13.0.jar to class loader default
25/12/29 17:05:50 INFO Executor: Fetching spark://air-quality-streaming-labs.internal.cloudapp.net:33885/jars/org.apache.hadoop_hadoop-client-runtime-3.3.4.jar with timestamp 1767027949584
25/12/29 17:05:50 INFO Utils: Fetching spark://air-quality-streaming-labs.internal.cloudapp.net:33885/jars/org.apache.hadoop_hadoop-client-runtime-3.3.4.jar to /tmp/spark-add4618b-3ed7-4306-9a3e-dc11cd14db31/userFiles-f11007dd-6cb2-4eba-af1e-c301e3e82928/fetchFileTemp7372868806728323901.tmp
25/12/29 17:05:50 INFO Utils: /tmp/spark-add4618b-3ed7-4306-9a3e-dc11cd14db31/userFiles-f11007dd-6cb2-4eba-af1e-c301e3e82928/fetchFileTemp7372868806728323901.tmp has been previously copied to /tmp/spark-add4618b-3ed7-4306-9a3e-dc11cd14db31/userFiles-f11007dd-6cb2-4eba-af1e-c301e3e82928/org.apache.hadoop_hadoop-client-runtime-3.3.4.jar
25/12/29 17:05:51 INFO Executor: Adding file:/tmp/spark-add4618b-3ed7-4306-9a3e-dc11cd14db31/userFiles-f11007dd-6cb2-4eba-af1e-c301e3e82928/org.apache.hadoop_hadoop-client-runtime-3.3.4.jar to class loader default
25/12/29 17:05:51 INFO Executor: Fetching spark://air-quality-streaming-labs.internal.cloudapp.net:33885/jars/com.datastax.oss_java-driver-mapper-runtime-4.13.0.jar with timestamp 1767027949584
25/12/29 17:05:51 INFO Utils: Fetching spark://air-quality-streaming-labs.internal.cloudapp.net:33885/jars/com.datastax.oss_java-driver-mapper-runtime-4.13.0.jar to /tmp/spark-add4618b-3ed7-4306-9a3e-dc11cd14db31/userFiles-f11007dd-6cb2-4eba-af1e-c301e3e82928/fetchFileTemp1582586437495453713.tmp
25/12/29 17:05:51 INFO Utils: /tmp/spark-add4618b-3ed7-4306-9a3e-dc11cd14db31/userFiles-f11007dd-6cb2-4eba-af1e-c301e3e82928/fetchFileTemp1582586437495453713.tmp has been previously copied to /tmp/spark-add4618b-3ed7-4306-9a3e-dc11cd14db31/userFiles-f11007dd-6cb2-4eba-af1e-c301e3e82928/com.datastax.oss_java-driver-mapper-runtime-4.13.0.jar
25/12/29 17:05:51 INFO Executor: Adding file:/tmp/spark-add4618b-3ed7-4306-9a3e-dc11cd14db31/userFiles-f11007dd-6cb2-4eba-af1e-c301e3e82928/com.datastax.oss_java-driver-mapper-runtime-4.13.0.jar to class loader default
25/12/29 17:05:51 INFO Executor: Fetching spark://air-quality-streaming-labs.internal.cloudapp.net:33885/jars/org.apache.commons_commons-pool2-2.11.1.jar with timestamp 1767027949584
25/12/29 17:05:51 INFO Utils: Fetching spark://air-quality-streaming-labs.internal.cloudapp.net:33885/jars/org.apache.commons_commons-pool2-2.11.1.jar to /tmp/spark-add4618b-3ed7-4306-9a3e-dc11cd14db31/userFiles-f11007dd-6cb2-4eba-af1e-c301e3e82928/fetchFileTemp14376131028229545092.tmp
25/12/29 17:05:51 INFO Utils: /tmp/spark-add4618b-3ed7-4306-9a3e-dc11cd14db31/userFiles-f11007dd-6cb2-4eba-af1e-c301e3e82928/fetchFileTemp14376131028229545092.tmp has been previously copied to /tmp/spark-add4618b-3ed7-4306-9a3e-dc11cd14db31/userFiles-f11007dd-6cb2-4eba-af1e-c301e3e82928/org.apache.commons_commons-pool2-2.11.1.jar
25/12/29 17:05:51 INFO Executor: Adding file:/tmp/spark-add4618b-3ed7-4306-9a3e-dc11cd14db31/userFiles-f11007dd-6cb2-4eba-af1e-c301e3e82928/org.apache.commons_commons-pool2-2.11.1.jar to class loader default
25/12/29 17:05:51 INFO Executor: Fetching spark://air-quality-streaming-labs.internal.cloudapp.net:33885/jars/commons-logging_commons-logging-1.1.3.jar with timestamp 1767027949584
25/12/29 17:05:51 INFO Utils: Fetching spark://air-quality-streaming-labs.internal.cloudapp.net:33885/jars/commons-logging_commons-logging-1.1.3.jar to /tmp/spark-add4618b-3ed7-4306-9a3e-dc11cd14db31/userFiles-f11007dd-6cb2-4eba-af1e-c301e3e82928/fetchFileTemp14245510392906809039.tmp
25/12/29 17:05:51 INFO Utils: /tmp/spark-add4618b-3ed7-4306-9a3e-dc11cd14db31/userFiles-f11007dd-6cb2-4eba-af1e-c301e3e82928/fetchFileTemp14245510392906809039.tmp has been previously copied to /tmp/spark-add4618b-3ed7-4306-9a3e-dc11cd14db31/userFiles-f11007dd-6cb2-4eba-af1e-c301e3e82928/commons-logging_commons-logging-1.1.3.jar
25/12/29 17:05:51 INFO Executor: Adding file:/tmp/spark-add4618b-3ed7-4306-9a3e-dc11cd14db31/userFiles-f11007dd-6cb2-4eba-af1e-c301e3e82928/commons-logging_commons-logging-1.1.3.jar to class loader default
25/12/29 17:05:51 INFO Executor: Fetching spark://air-quality-streaming-labs.internal.cloudapp.net:33885/jars/com.datastax.spark_spark-cassandra-connector-driver_2.12-3.2.0.jar with timestamp 1767027949584
25/12/29 17:05:51 INFO Utils: Fetching spark://air-quality-streaming-labs.internal.cloudapp.net:33885/jars/com.datastax.spark_spark-cassandra-connector-driver_2.12-3.2.0.jar to /tmp/spark-add4618b-3ed7-4306-9a3e-dc11cd14db31/userFiles-f11007dd-6cb2-4eba-af1e-c301e3e82928/fetchFileTemp14396083455624075075.tmp
25/12/29 17:05:51 INFO Utils: /tmp/spark-add4618b-3ed7-4306-9a3e-dc11cd14db31/userFiles-f11007dd-6cb2-4eba-af1e-c301e3e82928/fetchFileTemp14396083455624075075.tmp has been previously copied to /tmp/spark-add4618b-3ed7-4306-9a3e-dc11cd14db31/userFiles-f11007dd-6cb2-4eba-af1e-c301e3e82928/com.datastax.spark_spark-cassandra-connector-driver_2.12-3.2.0.jar
25/12/29 17:05:51 INFO Executor: Adding file:/tmp/spark-add4618b-3ed7-4306-9a3e-dc11cd14db31/userFiles-f11007dd-6cb2-4eba-af1e-c301e3e82928/com.datastax.spark_spark-cassandra-connector-driver_2.12-3.2.0.jar to class loader default
25/12/29 17:05:51 INFO Executor: Fetching spark://air-quality-streaming-labs.internal.cloudapp.net:33885/jars/com.datastax.oss_java-driver-shaded-guava-25.1-jre-graal-sub-1.jar with timestamp 1767027949584
25/12/29 17:05:51 INFO Utils: Fetching spark://air-quality-streaming-labs.internal.cloudapp.net:33885/jars/com.datastax.oss_java-driver-shaded-guava-25.1-jre-graal-sub-1.jar to /tmp/spark-add4618b-3ed7-4306-9a3e-dc11cd14db31/userFiles-f11007dd-6cb2-4eba-af1e-c301e3e82928/fetchFileTemp4639681916614159566.tmp
25/12/29 17:05:51 INFO Utils: /tmp/spark-add4618b-3ed7-4306-9a3e-dc11cd14db31/userFiles-f11007dd-6cb2-4eba-af1e-c301e3e82928/fetchFileTemp4639681916614159566.tmp has been previously copied to /tmp/spark-add4618b-3ed7-4306-9a3e-dc11cd14db31/userFiles-f11007dd-6cb2-4eba-af1e-c301e3e82928/com.datastax.oss_java-driver-shaded-guava-25.1-jre-graal-sub-1.jar
25/12/29 17:05:51 INFO Executor: Adding file:/tmp/spark-add4618b-3ed7-4306-9a3e-dc11cd14db31/userFiles-f11007dd-6cb2-4eba-af1e-c301e3e82928/com.datastax.oss_java-driver-shaded-guava-25.1-jre-graal-sub-1.jar to class loader default
25/12/29 17:05:51 INFO Executor: Fetching spark://air-quality-streaming-labs.internal.cloudapp.net:33885/jars/org.apache.spark_spark-sql-kafka-0-10_2.12-3.5.0.jar with timestamp 1767027949584
25/12/29 17:05:51 INFO Utils: Fetching spark://air-quality-streaming-labs.internal.cloudapp.net:33885/jars/org.apache.spark_spark-sql-kafka-0-10_2.12-3.5.0.jar to /tmp/spark-add4618b-3ed7-4306-9a3e-dc11cd14db31/userFiles-f11007dd-6cb2-4eba-af1e-c301e3e82928/fetchFileTemp8343463935182000235.tmp
25/12/29 17:05:51 INFO Utils: /tmp/spark-add4618b-3ed7-4306-9a3e-dc11cd14db31/userFiles-f11007dd-6cb2-4eba-af1e-c301e3e82928/fetchFileTemp8343463935182000235.tmp has been previously copied to /tmp/spark-add4618b-3ed7-4306-9a3e-dc11cd14db31/userFiles-f11007dd-6cb2-4eba-af1e-c301e3e82928/org.apache.spark_spark-sql-kafka-0-10_2.12-3.5.0.jar
25/12/29 17:05:51 INFO Executor: Adding file:/tmp/spark-add4618b-3ed7-4306-9a3e-dc11cd14db31/userFiles-f11007dd-6cb2-4eba-af1e-c301e3e82928/org.apache.spark_spark-sql-kafka-0-10_2.12-3.5.0.jar to class loader default
25/12/29 17:05:51 INFO Executor: Fetching spark://air-quality-streaming-labs.internal.cloudapp.net:33885/jars/org.scala-lang_scala-reflect-2.12.11.jar with timestamp 1767027949584
25/12/29 17:05:51 INFO Utils: Fetching spark://air-quality-streaming-labs.internal.cloudapp.net:33885/jars/org.scala-lang_scala-reflect-2.12.11.jar to /tmp/spark-add4618b-3ed7-4306-9a3e-dc11cd14db31/userFiles-f11007dd-6cb2-4eba-af1e-c301e3e82928/fetchFileTemp5896666956274191663.tmp
25/12/29 17:05:51 INFO Utils: /tmp/spark-add4618b-3ed7-4306-9a3e-dc11cd14db31/userFiles-f11007dd-6cb2-4eba-af1e-c301e3e82928/fetchFileTemp5896666956274191663.tmp has been previously copied to /tmp/spark-add4618b-3ed7-4306-9a3e-dc11cd14db31/userFiles-f11007dd-6cb2-4eba-af1e-c301e3e82928/org.scala-lang_scala-reflect-2.12.11.jar
25/12/29 17:05:51 INFO Executor: Adding file:/tmp/spark-add4618b-3ed7-4306-9a3e-dc11cd14db31/userFiles-f11007dd-6cb2-4eba-af1e-c301e3e82928/org.scala-lang_scala-reflect-2.12.11.jar to class loader default
25/12/29 17:05:51 INFO Utils: Successfully started service 'org.apache.spark.network.netty.NettyBlockTransferService' on port 37949.
25/12/29 17:05:51 INFO NettyBlockTransferService: Server created on air-quality-streaming-labs.internal.cloudapp.net:37949
25/12/29 17:05:51 INFO BlockManager: Using org.apache.spark.storage.RandomBlockReplicationPolicy for block replication policy
25/12/29 17:05:51 INFO BlockManagerMaster: Registering BlockManager BlockManagerId(driver, air-quality-streaming-labs.internal.cloudapp.net, 37949, None)
25/12/29 17:05:51 INFO BlockManagerMasterEndpoint: Registering block manager air-quality-streaming-labs.internal.cloudapp.net:37949 with 434.4 MiB RAM, BlockManagerId(driver, air-quality-streaming-labs.internal.cloudapp.net, 37949, None)
25/12/29 17:05:51 INFO BlockManagerMaster: Registered BlockManager BlockManagerId(driver, air-quality-streaming-labs.internal.cloudapp.net, 37949, None)
25/12/29 17:05:51 INFO BlockManager: Initialized BlockManager: BlockManagerId(driver, air-quality-streaming-labs.internal.cloudapp.net, 37949, None)
25/12/29 17:05:54 ERROR MicroBatchExecution: Query [id = ccf6ebf1-c5e7-4f71-a7da-f633b84887df, runId = d90c9ee8-43f3-4ba1-b625-53ba1ea59a43] terminated with error
org.apache.spark.SparkConcurrentModificationException: Multiple streaming queries are concurrently using file:/tmp/spark_checkpoints_cassandra/offsets.
	at org.apache.spark.sql.errors.QueryExecutionErrors$.multiStreamingQueriesUsingPathConcurrentlyError(QueryExecutionErrors.scala:1858)
	at org.apache.spark.sql.execution.streaming.HDFSMetadataLog.write(HDFSMetadataLog.scala:210)
	at org.apache.spark.sql.execution.streaming.HDFSMetadataLog.addNewBatchByStream(HDFSMetadataLog.scala:237)
	at org.apache.spark.sql.execution.streaming.HDFSMetadataLog.add(HDFSMetadataLog.scala:130)
	at org.apache.spark.sql.execution.streaming.MicroBatchExecution.markMicroBatchStart(MicroBatchExecution.scala:764)
	at org.apache.spark.sql.execution.streaming.MicroBatchExecution.$anonfun$constructNextBatch$13(MicroBatchExecution.scala:536)
	at scala.runtime.java8.JFunction0$mcV$sp.apply(JFunction0$mcV$sp.java:23)
	at org.apache.spark.sql.execution.streaming.ProgressReporter.reportTimeTaken(ProgressReporter.scala:427)
	at org.apache.spark.sql.execution.streaming.ProgressReporter.reportTimeTaken$(ProgressReporter.scala:425)
	at org.apache.spark.sql.execution.streaming.StreamExecution.reportTimeTaken(StreamExecution.scala:67)
	at org.apache.spark.sql.execution.streaming.MicroBatchExecution.$anonfun$constructNextBatch$1(MicroBatchExecution.scala:535)
	at scala.runtime.java8.JFunction0$mcZ$sp.apply(JFunction0$mcZ$sp.java:23)
	at org.apache.spark.sql.execution.streaming.MicroBatchExecution.withProgressLocked(MicroBatchExecution.scala:810)
	at org.apache.spark.sql.execution.streaming.MicroBatchExecution.constructNextBatch(MicroBatchExecution.scala:475)
	at org.apache.spark.sql.execution.streaming.MicroBatchExecution.$anonfun$runActivatedStream$2(MicroBatchExecution.scala:268)
	at scala.runtime.java8.JFunction0$mcV$sp.apply(JFunction0$mcV$sp.java:23)
	at org.apache.spark.sql.execution.streaming.ProgressReporter.reportTimeTaken(ProgressReporter.scala:427)
	at org.apache.spark.sql.execution.streaming.ProgressReporter.reportTimeTaken$(ProgressReporter.scala:425)
	at org.apache.spark.sql.execution.streaming.StreamExecution.reportTimeTaken(StreamExecution.scala:67)
	at org.apache.spark.sql.execution.streaming.MicroBatchExecution.$anonfun$runActivatedStream$1(MicroBatchExecution.scala:249)
	at org.apache.spark.sql.execution.streaming.ProcessingTimeExecutor.execute(TriggerExecutor.scala:67)
	at org.apache.spark.sql.execution.streaming.MicroBatchExecution.runActivatedStream(MicroBatchExecution.scala:239)
	at org.apache.spark.sql.execution.streaming.StreamExecution.$anonfun$runStream$1(StreamExecution.scala:311)
	at scala.runtime.java8.JFunction0$mcV$sp.apply(JFunction0$mcV$sp.java:23)
	at org.apache.spark.sql.SparkSession.withActive(SparkSession.scala:900)
	at org.apache.spark.sql.execution.streaming.StreamExecution.org$apache$spark$sql$execution$streaming$StreamExecution$$runStream(StreamExecution.scala:289)
	at org.apache.spark.sql.execution.streaming.StreamExecution$$anon$1.$anonfun$run$1(StreamExecution.scala:211)
	at scala.runtime.java8.JFunction0$mcV$sp.apply(JFunction0$mcV$sp.java:23)
	at org.apache.spark.JobArtifactSet$.withActiveJobArtifactState(JobArtifactSet.scala:94)
	at org.apache.spark.sql.execution.streaming.StreamExecution$$anon$1.run(StreamExecution.scala:211)
Caused by: org.apache.hadoop.fs.FileAlreadyExistsException: rename destination file:/tmp/spark_checkpoints_cassandra/offsets/579 already exists.
	at org.apache.hadoop.fs.FileSystem.rename(FileSystem.java:1600)
	at org.apache.hadoop.fs.DelegateToFileSystem.renameInternal(DelegateToFileSystem.java:206)
	at org.apache.hadoop.fs.AbstractFileSystem.renameInternal(AbstractFileSystem.java:790)
	at org.apache.hadoop.fs.AbstractFileSystem.rename(AbstractFileSystem.java:720)
	at org.apache.hadoop.fs.ChecksumFs.renameInternal(ChecksumFs.java:489)
	at org.apache.hadoop.fs.AbstractFileSystem.rename(AbstractFileSystem.java:720)
	at org.apache.hadoop.fs.FileContext.rename(FileContext.java:1036)
	at org.apache.spark.sql.execution.streaming.FileContextBasedCheckpointFileManager.renameTempFile(CheckpointFileManager.scala:372)
	at org.apache.spark.sql.execution.streaming.CheckpointFileManager$RenameBasedFSDataOutputStream.close(CheckpointFileManager.scala:154)
	at org.apache.spark.sql.execution.streaming.HDFSMetadataLog.write(HDFSMetadataLog.scala:204)
	... 28 more
Traceback (most recent call last):
  File "/home/azureuser/air-quality-streaming-labs/spark/streaming_job.py", line 172, in <module>
    main()
    ~~~~^^
  File "/home/azureuser/air-quality-streaming-labs/spark/streaming_job.py", line 169, in main
    query.awaitTermination()
    ~~~~~~~~~~~~~~~~~~~~~~^^
  File "/home/azureuser/air-quality-streaming-labs/.venv/lib/python3.13/site-packages/pyspark/python/lib/pyspark.zip/pyspark/sql/streaming/query.py", line 221, in awaitTermination
    return self._jsq.awaitTermination()
           ~~~~~~~~~~~~~~~~~~~~~~~~~~^^
  File "/home/azureuser/air-quality-streaming-labs/.venv/lib/python3.13/site-packages/pyspark/python/lib/py4j-0.10.9.7-src.zip/py4j/java_gateway.py", line 1322, in __call__
    return_value = get_return_value(
        answer, self.gateway_client, self.target_id, self.name)
  File "/home/azureuser/air-quality-streaming-labs/.venv/lib/python3.13/site-packages/pyspark/python/lib/pyspark.zip/pyspark/errors/exceptions/captured.py", line 185, in deco
    raise converted from None
pyspark.errors.exceptions.captured.StreamingQueryException: [STREAM_FAILED] Query [id = ccf6ebf1-c5e7-4f71-a7da-f633b84887df, runId = d90c9ee8-43f3-4ba1-b625-53ba1ea59a43] terminated with exception: Multiple streaming queries are concurrently using file:/tmp/spark_checkpoints_cassandra/offsets.
